FP32 Adder Tree SoftFloat Simulation started at time                    0
测试用例 0: PASS: softfloat=42100000 (标志=00000000), 实际值=42100000
测试用例 1: PASS: softfloat=00000000 (标志=00000000), 实际值=00000000
测试用例 2: PASS: softfloat=00000000 (标志=00000000), 实际值=00000000
测试用例 3: PASS: softfloat=80000000 (标志=00000000), 实际值=80000000
测试用例 4: PASS: softfloat=00000000 (标志=00000000), 实际值=00000000
测试用例 5: PASS: softfloat=7f800000 (标志=00000000), 实际值=7f800000
测试用例 6: PASS: softfloat=ff800000 (标志=00000000), 实际值=ff800000
测试用例 7: PASS (NaN): softfloat=7fc00000 (标志=00000000), 实际值=7fc00000
测试用例 8: PASS: softfloat=02000000 (标志=00000000), 实际值=02000000
测试用例 9: PASS: softfloat=7f800000 (标志=00000005), 实际值=7f800000
测试用例 10: PASS: softfloat=00000008 (标志=00000000), 实际值=00000008
测试用例 11: PASS: softfloat=40c00000 (标志=00000001), 实际值=40c00000
测试用例 12: PASS: softfloat=00000800 (标志=00000000), 实际值=00000800
测试用例 13: PASS: softfloat=7f800000 (标志=00000005), 实际值=7f800000
测试用例 14: PASS: softfloat=3f80003f (标志=00000001), 实际值=3f800040 (±1 tolerance)
测试用例 15: PASS: softfloat=40600000 (标志=00000000), 实际值=40600000
测试用例 16: PASS: softfloat=3e800000 (标志=00000000), 实际值=3e800000
测试用例 17: PASS: softfloat=3f400000 (标志=00000000), 实际值=3f400000
测试用例 18: PASS: softfloat=40e00000 (标志=00000000), 实际值=40e00000
测试用例 19: PASS: softfloat=c1200000 (标志=00000000), 实际值=c1200000
测试用例 20: PASS: softfloat=00000000 (标志=00000000), 实际值=00000000
测试用例 21: PASS: softfloat=42100000 (标志=00000000), 实际值=42100000
测试用例 22: PASS: softfloat=42100000 (标志=00000000), 实际值=42100000
测试用例 23: PASS: softfloat=c0444000 (标志=00000000), 实际值=c0444000
测试用例 24: PASS: softfloat=00000000 (标志=00000000), 实际值=00000000
测试用例 25: PASS: softfloat=40800000 (标志=00000000), 实际值=40800000
测试用例 26: PASS: softfloat=3f000000 (标志=00000000), 实际值=3f000000
测试用例 27: PASS: softfloat=3f000001 (标志=00000000), 实际值=3f000001
测试用例 28: PASS: softfloat=3f7fffff (标志=00000000), 实际值=3f7fffff
测试用例 29: PASS: softfloat=3effff00 (标志=00000000), 实际值=3effff00
测试用例 30: PASS: softfloat=3f000100 (标志=00000000), 实际值=3f000100
测试用例 31: PASS: softfloat=3f800010 (标志=00000000), 实际值=3f800010
测试用例 32: PASS: softfloat=7f000000 (标志=00000001), 实际值=7f000000
测试用例 33: PASS: softfloat=3f800000 (标志=00000001), 实际值=3f800000
测试用例 34: PASS: softfloat=7f000000 (标志=00000001), 实际值=7f000000
测试用例 35: PASS (NaN): softfloat=7fc00000 (标志=00000000), 实际值=7fc00000
测试用例 36: PASS (NaN): softfloat=ffc00000 (标志=00000010), 实际值=7fc00000
测试用例 37: PASS: softfloat=7f800000 (标志=00000000), 实际值=7f800000
测试用例 38: PASS: softfloat=ff800000 (标志=00000000), 实际值=ff800000
测试用例 39: PASS (NaN): softfloat=ffc00000 (标志=00000010), 实际值=7fc00000
测试用例 40: PASS: softfloat=00000008 (标志=00000000), 实际值=00000008
测试用例 41: PASS: softfloat=00000010 (标志=00000000), 实际值=00000010
测试用例 42: PASS: softfloat=0000000c (标志=00000000), 实际值=0000000c
测试用例 43: PASS: softfloat=00800000 (标志=00000000), 实际值=00800000
测试用例 44: PASS: softfloat=00800008 (标志=00000000), 实际值=00800008
测试用例 45: PASS: softfloat=01ffffff (标志=00000001), 实际值=01fffffe (±1 tolerance)
测试用例 46: PASS: softfloat=40900000 (标志=00000000), 实际值=40900000
测试用例 47: PASS: softfloat=c08cccce (标志=00000001), 实际值=c08cccce
测试用例 48: PASS: softfloat=35570a3e (标志=00000001), 实际值=35570a3d (±1 tolerance)
测试用例 49: PASS: softfloat=4fee6b28 (标志=00000000), 实际值=4fee6b28
测试用例 50: PASS: softfloat=4e6e6b28 (标志=00000001), 实际值=4e6e6b28
测试用例 51: PASS: softfloat=7f800000 (标志=00000005), 实际值=7f800000

Test Summary:
Total tests: 52
Passed: 52
Failed: 0

PASSED: All test cases passed!
