Simulation started at time                    0
用例 0: PASS: a=3c00, b=3c00, softfloat=3f800000 (标志=00000000), 实际值=3f800000
用例 1: PASS: a=4000, b=3c00, softfloat=40000000 (标志=00000000), 实际值=40000000
用例 2: PASS: a=3c00, b=4000, softfloat=40000000 (标志=00000000), 实际值=40000000
用例 3: PASS: a=7bff, b=3c00, softfloat=477fe000 (标志=00000000), 实际值=477fe000
用例 4: PASS: a=0400, b=3c00, softfloat=38800000 (标志=00000000), 实际值=38800000
用例 5: PASS: a=7c00, b=3c00, softfloat=7f800000 (标志=00000000), 实际值=7f800000
用例 6: PASS: a=3c00, b=7c00, softfloat=7f800000 (标志=00000000), 实际值=7f800000
用例 7: PASS: a=7c00, b=7c00, softfloat=7f800000 (标志=00000000), 实际值=7f800000
用例 8: PASS (NaN): a=7c01, b=3c00, softfloat=7fc02000 (标志=00000010), 实际值=7fc00000
用例 9: PASS (NaN): a=3c00, b=7c01, softfloat=7fc02000 (标志=00000010), 实际值=7fc00000
用例 10: PASS: a=0000, b=3c00, softfloat=00000000 (标志=00000000), 实际值=00000000
用例 11: PASS: a=3c00, b=0000, softfloat=00000000 (标志=00000000), 实际值=00000000
用例 12: PASS: a=8000, b=3c00, softfloat=80000000 (标志=00000000), 实际值=80000000
用例 13: PASS: a=0001, b=3c00, softfloat=33800000 (标志=00000000), 实际值=33800000
用例 14: PASS: a=03ff, b=3c00, softfloat=387fc000 (标志=00000000), 实际值=387fc000
用例 15: PASS: a=4400, b=4400, softfloat=41800000 (标志=00000000), 实际值=41800000
用例 16: PASS: a=4400, b=4500, softfloat=41a00000 (标志=00000000), 实际值=41a00000
用例 17: PASS: a=4400, b=3e00, softfloat=40c00000 (标志=00000000), 实际值=40c00000
用例 18: PASS: a=3800, b=3800, softfloat=3e800000 (标志=00000000), 实际值=3e800000
用例 19: PASS: a=4400, b=c000, softfloat=c1000000 (标志=00000000), 实际值=c1000000
用例 20: PASS: a=bc00, b=bc00, softfloat=3f800000 (标志=00000000), 实际值=3f800000
用例 21: PASS: a=5400, b=5400, softfloat=45800000 (标志=00000000), 实际值=45800000
用例 22: PASS: a=4800, b=3400, softfloat=40000000 (标志=00000000), 实际值=40000000
用例 23: PASS: a=0400, b=0400, softfloat=31800000 (标志=00000000), 实际值=31800000
用例 24: PASS: a=7800, b=0400, softfloat=40000000 (标志=00000000), 实际值=40000000
用例 25: PASS: a=0400, b=7800, softfloat=40000000 (标志=00000000), 实际值=40000000
用例 26: PASS: a=7800, b=7800, softfloat=4e800000 (标志=00000000), 实际值=4e800000
用例 27: PASS: a=7800, b=0800, softfloat=40800000 (标志=00000000), 实际值=40800000
用例 28: PASS: a=3bff, b=4000, softfloat=3fffe000 (标志=00000000), 实际值=3fffe000
用例 29: PASS: a=3c01, b=3c01, softfloat=3f804008 (标志=00000000), 实际值=3f804008

Test Summary:
Total tests: 30
Passed: 30
Failed: 0

PASSED: All test cases passed!
